16:00:55 BattlEye Server: Initialized (v1.190)
16:00:55 Host identity created.
16:01:01 Game Port: 2302, Steam Query Port: 2303
16:01:01 SuNNiii uses modified data file
16:01:01 BattlEye Server: Player #0 SuNNiii (79.228.196.115:2304) connected
16:01:01 Player SuNNiii connecting.
16:01:01 Mission Altis_Life.Altis read from bank.
16:01:08 BattlEye Server: RCon admin #0 (217.9.118.48:65029) logged in
16:01:08 [TaS]KrEmPiii uses modified data file
16:01:08 BattlEye Server: Player #1 [TaS]KrEmPiii (31.16.190.161:2304) connected
16:01:08 Player [TaS]KrEmPiii connecting.
16:01:09 BattlEye Server: Player #1 [TaS]KrEmPiii - GUID: 7ef80cf1ac17b3b9273187afa652f06d (unverified)
16:01:09 BattlEye Server: Player #0 SuNNiii - GUID: c59ccc3d9d9a2458f67b49a59587f0e4 (unverified)
16:01:09 Player SuNNiii connected (id=76561198072049656).
16:01:09 BattlEye Server: Verified GUID (c59ccc3d9d9a2458f67b49a59587f0e4) of player #0 SuNNiii
16:01:09 [HsC]Traal uses modified data file
16:01:09 BattlEye Server: Player #2 [HsC]Traal (88.152.211.166:2304) connected
16:01:09 Player [HsC]Traal connecting.
16:01:09 Player [TaS]KrEmPiii connected (id=76561198140053676).
16:01:09 BattlEye Server: Verified GUID (7ef80cf1ac17b3b9273187afa652f06d) of player #1 [TaS]KrEmPiii
16:01:11 BattlEye Server: Player #2 [HsC]Traal - GUID: a6129fe3ae88f72a2613297723d32f4f (unverified)
16:01:12 Player [HsC]Traal connected (id=76561198048106230).
16:01:12 BattlEye Server: Verified GUID (a6129fe3ae88f72a2613297723d32f4f) of player #2 [HsC]Traal
16:01:14 [GRC] Loox uses modified data file
16:01:14 BattlEye Server: Player #3 [GRC] Loox (94.223.14.249:2350) connected
16:01:15 Player [GRC] Loox connecting.
16:01:16 BattlEye Server: Player #3 [GRC] Loox - GUID: 3deb1d5a1e4a6b433e824c3e0064c58e (unverified)
16:01:16 Player [GRC] Loox connected (id=76561198089366957).
16:01:16 BattlEye Server: Verified GUID (3deb1d5a1e4a6b433e824c3e0064c58e) of player #3 [GRC] Loox
16:01:17 [Rekrut] John  uses modified data file
16:01:17 BattlEye Server: Player #4 [Rekrut] John  (77.176.183.215:2304) connected
16:01:17 Player [Rekrut] John  connecting.
16:01:18 BattlEye Server: Player #4 [Rekrut] John  - GUID: ac1c32638035332cb0972e0e6bb5051c (unverified)
16:01:18 Player [Rekrut] John  connected (id=76561198092017224).
16:01:18 BattlEye Server: Verified GUID (ac1c32638035332cb0972e0e6bb5051c) of player #4 [Rekrut] John 
16:01:20 [Sergeant]Hendrik uses modified data file
16:01:20 BattlEye Server: Player #5 [Sergeant]Hendrik (95.113.119.136:2304) connected
16:01:20 Player [Sergeant]Hendrik connecting.
16:01:20 Highless uses modified data file
16:01:20 BattlEye Server: Player #6 Highless (5.61.148.249:2304) connected
16:01:20 Player Highless connecting.
16:01:21 BattlEye Server: RCon admin #0 (217.9.118.48:61799) logged in
16:01:21 BattlEye Server: Player #5 [Sergeant]Hendrik - GUID: 205d7bd31ab885285494761d9e0d159a (unverified)
16:01:22 BattlEye Server: Player #6 Highless - GUID: 16397f807365d215e9c558005ca08010 (unverified)
16:01:22 Player [Sergeant]Hendrik connected (id=76561198055680963).
16:01:22 BattlEye Server: Verified GUID (205d7bd31ab885285494761d9e0d159a) of player #5 [Sergeant]Hendrik
16:01:22 Player Highless connected (id=76561198121777140).
16:01:22 BattlEye Server: Verified GUID (16397f807365d215e9c558005ca08010) of player #6 Highless
16:01:26 Bagasta uses modified data file
16:01:26 BattlEye Server: Player #7 Bagasta (217.229.250.85:2304) connected
16:01:26 Player Bagasta connecting.
16:01:27 BattlEye Server: Player #7 Bagasta - GUID: f6d03d3fb9720cc6e39bddda79e9f1b9 (unverified)
16:01:27 Player Bagasta connected (id=76561198080955724).
16:01:27 BattlEye Server: Verified GUID (f6d03d3fb9720cc6e39bddda79e9f1b9) of player #7 Bagasta
16:01:28 [Rekrut]rex uses modified data file
16:01:28 BattlEye Server: Player #8 [Rekrut]rex (79.216.126.31:2304) connected
16:01:28 Player [Rekrut]rex connecting.
16:01:30 BattlEye Server: Player #8 [Rekrut]rex - GUID: 643198848feb002f428020bf90d9667d (unverified)
16:01:30 Player [Rekrut]rex connected (id=76561198074776816).
16:01:30 BattlEye Server: Ver